{"numTotalTestSuites":2,"numPassedTestSuites":0,"numFailedTestSuites":2,"numPendingTestSuites":0,"numTotalTests":0,"numPassedTests":0,"numFailedTests":0,"numPendingTests":0,"numTodoTests":0,"startTime":1774232514822,"success":false,"testResults":[{"assertionResults":[],"startTime":1774232514822,"endTime":1774232514822,"status":"failed","message":"failed to resolve \"extends\":\"../../tsconfig.json\" in C:\\Users\\danie\\OneDrive\\Documents\\Antigravity\\2. Gravity\\servicos-global\\tenant\\agendamento\\tsconfig.json","name":"C:/Users/danie/OneDrive/Documents/Antigravity/2. Gravity/testes/testes-unitarios/agendamento/agenda.test.ts"},{"assertionResults":[],"startTime":1774232514822,"endTime":1774232514822,"status":"failed","message":"failed to resolve \"extends\":\"../../tsconfig.json\" in C:\\Users\\danie\\OneDrive\\Documents\\Antigravity\\2. Gravity\\servicos-global\\tenant\\agendamento\\tsconfig.json","name":"C:/Users/danie/OneDrive/Documents/Antigravity/2. Gravity/testes/testes-unitarios/agendamento/reserva.test.ts"}]}
