{"numTotalTestSuites":10,"numPassedTestSuites":10,"numFailedTestSuites":0,"numPendingTestSuites":0,"numTotalTests":29,"numPassedTests":15,"numFailedTests":14,"numPendingTests":0,"numTodoTests":0,"startTime":1774234518025,"success":false,"testResults":[{"assertionResults":[{"ancestorTitles":["","GET /api/internal/check-access — acesso permitido"],"fullName":" GET /api/internal/check-access — acesso permitido 200 allowed:true — tenant ativo, produto habilitado, sem verificação de permissão granular","status":"passed","title":"200 allowed:true — tenant ativo, produto habilitado, sem verificação de permissão granular","duration":18,"failureMessages":[]},{"ancestorTitles":["","GET /api/internal/check-access — acesso permitido"],"fullName":" GET /api/internal/check-access — acesso permitido 200 allowed:true — verificação granular de permissão passando","status":"passed","title":"200 allowed:true — verificação granular de permissão passando","duration":4,"failureMessages":[]},{"ancestorTitles":["","GET /api/internal/check-access — acesso negado"],"fullName":" GET /api/internal/check-access — acesso negado 200 allowed:false — tenant SUSPENDED","status":"passed","title":"200 allowed:false — tenant SUSPENDED","duration":2,"failureMessages":[]},{"ancestorTitles":["","GET /api/internal/check-access — acesso negado"],"fullName":" GET /api/internal/check-access — acesso negado 200 allowed:false — tenant CANCELLED","status":"passed","title":"200 allowed:false — tenant CANCELLED","duration":2,"failureMessages":[]},{"ancestorTitles":["","GET /api/internal/check-access — acesso negado"],"fullName":" GET /api/internal/check-access — acesso negado 200 allowed:false — tenant não encontrado","status":"passed","title":"200 allowed:false — tenant não encontrado","duration":2,"failureMessages":[]},{"ancestorTitles":["","GET /api/internal/check-access — acesso negado"],"fullName":" GET /api/internal/check-access — acesso negado 200 allowed:false — produto não habilitado para o tenant","status":"passed","title":"200 allowed:false — produto não habilitado para o tenant","duration":2,"failureMessages":[]},{"ancestorTitles":["","GET /api/internal/check-access — acesso negado"],"fullName":" GET /api/internal/check-access — acesso negado 200 allowed:false — produto não encontrado (null)","status":"passed","title":"200 allowed:false — produto não encontrado (null)","duration":2,"failureMessages":[]},{"ancestorTitles":["","GET /api/internal/check-access — acesso negado"],"fullName":" GET /api/internal/check-access — acesso negado 200 allowed:false — permissão granular negada","status":"passed","title":"200 allowed:false — permissão granular negada","duration":2,"failureMessages":[]},{"ancestorTitles":["","GET /api/internal/check-access — validação de input (Zod)"],"fullName":" GET /api/internal/check-access — validação de input (Zod) 400 — tenantId ausente","status":"failed","title":"400 — tenantId ausente","duration":6,"failureMessages":["expected { error: { …(2) } } to have property \"code\" with value 'VALIDATION_ERROR'"],"location":{"line":208,"column":27}},{"ancestorTitles":["","GET /api/internal/check-access — validação de input (Zod)"],"fullName":" GET /api/internal/check-access — validação de input (Zod) 400 — userId ausente","status":"failed","title":"400 — userId ausente","duration":2,"failureMessages":["expected { error: { …(2) } } to have property \"code\" with value 'VALIDATION_ERROR'"],"location":{"line":217,"column":27}},{"ancestorTitles":["","GET /api/internal/check-access — validação de input (Zod)"],"fullName":" GET /api/internal/check-access — validação de input (Zod) 400 — productKey ausente","status":"failed","title":"400 — productKey ausente","duration":2,"failureMessages":["expected { error: { …(2) } } to have property \"code\" with value 'VALIDATION_ERROR'"],"location":{"line":226,"column":27}},{"ancestorTitles":["","GET /api/internal/check-access — validação de input (Zod)"],"fullName":" GET /api/internal/check-access — validação de input (Zod) 400 — action inválido (não está no enum)","status":"failed","title":"400 — action inválido (não está no enum)","duration":2,"failureMessages":["expected { error: { …(2) } } to have property \"code\" with value 'VALIDATION_ERROR'"],"location":{"line":235,"column":27}},{"ancestorTitles":["","GET /api/internal/check-access — segurança: requireInternalKey"],"fullName":" GET /api/internal/check-access — segurança: requireInternalKey 401 — sem x-internal-key deve ser bloqueado (middleware real)","status":"failed","title":"401 — sem x-internal-key deve ser bloqueado (middleware real)","duration":3,"failureMessages":["expected [ 401, 403 ] to include 200"],"location":{"line":263,"column":24}}],"startTime":1774234519085,"endTime":1774234519134,"status":"failed","message":"","name":"C:/Users/danie/OneDrive/Documents/Antigravity/2. Gravity/testes/testes-funcionais/configurador/access.test.ts"},{"assertionResults":[{"ancestorTitles":["","GET /api/v1/users — listar usuários do tenant"],"fullName":" GET /api/v1/users — listar usuários do tenant 200 — retorna apenas usuários do tenant autenticado","status":"passed","title":"200 — retorna apenas usuários do tenant autenticado","duration":13,"failureMessages":[]},{"ancestorTitles":["","GET /api/v1/users — listar usuários do tenant"],"fullName":" GET /api/v1/users — listar usuários do tenant 200 — isolamento cross-tenant: findMany filtra por tenant_id injetado pelo auth","status":"passed","title":"200 — isolamento cross-tenant: findMany filtra por tenant_id injetado pelo auth","duration":2,"failureMessages":[]},{"ancestorTitles":["","GET /api/v1/users — listar usuários do tenant"],"fullName":" GET /api/v1/users — listar usuários do tenant 200 — lista vazia quando tenant não tem usuários","status":"passed","title":"200 — lista vazia quando tenant não tem usuários","duration":3,"failureMessages":[]},{"ancestorTitles":["","POST /api/v1/users/invite — convidar usuário"],"fullName":" POST /api/v1/users/invite — convidar usuário 201 — convite enviado com sucesso","status":"passed","title":"201 — convite enviado com sucesso","duration":8,"failureMessages":[]},{"ancestorTitles":["","POST /api/v1/users/invite — convidar usuário"],"fullName":" POST /api/v1/users/invite — convidar usuário 409 — conflito quando usuário já pertence ao tenant","status":"failed","title":"409 — conflito quando usuário já pertence ao tenant","duration":5,"failureMessages":["expected { error: { code: 'CONFLICT', …(1) } } to have property \"code\" with value 'CONFLICT'"],"location":{"line":148,"column":27}},{"ancestorTitles":["","POST /api/v1/users/invite — convidar usuário"],"fullName":" POST /api/v1/users/invite — convidar usuário 400 — email inválido","status":"failed","title":"400 — email inválido","duration":3,"failureMessages":["expected { error: { …(2) } } to have property \"code\" with value 'VALIDATION_ERROR'"],"location":{"line":158,"column":27}},{"ancestorTitles":["","POST /api/v1/users/invite — convidar usuário"],"fullName":" POST /api/v1/users/invite — convidar usuário 400 — nome vazio","status":"failed","title":"400 — nome vazio","duration":2,"failureMessages":["expected { error: { …(2) } } to have property \"code\" with value 'VALIDATION_ERROR'"],"location":{"line":168,"column":27}},{"ancestorTitles":["","POST /api/v1/users/invite — convidar usuário"],"fullName":" POST /api/v1/users/invite — convidar usuário 400 — role inválido rejeitado pelo Zod","status":"failed","title":"400 — role inválido rejeitado pelo Zod","duration":3,"failureMessages":["expected { error: { …(2) } } to have property \"code\" with value 'VALIDATION_ERROR'"],"location":{"line":177,"column":27}},{"ancestorTitles":["","POST /api/v1/users/invite — convidar usuário"],"fullName":" POST /api/v1/users/invite — convidar usuário convidar com role VIEWER — aceito","status":"passed","title":"convidar com role VIEWER — aceito","duration":2,"failureMessages":[]},{"ancestorTitles":["","POST /api/v1/users/:id/memberships — habilitar em empresa filha"],"fullName":" POST /api/v1/users/:id/memberships — habilitar em empresa filha 201 — membership criado com sucesso","status":"passed","title":"201 — membership criado com sucesso","duration":2,"failureMessages":[]},{"ancestorTitles":["","POST /api/v1/users/:id/memberships — habilitar em empresa filha"],"fullName":" POST /api/v1/users/:id/memberships — habilitar em empresa filha 404 — usuário não pertence ao tenant (cross-tenant bloqueado)","status":"failed","title":"404 — usuário não pertence ao tenant (cross-tenant bloqueado)","duration":2,"failureMessages":["expected { error: { code: 'NOT_FOUND', …(1) } } to have property \"code\" with value 'NOT_FOUND'"],"location":{"line":233,"column":27}},{"ancestorTitles":["","POST /api/v1/users/:id/memberships — habilitar em empresa filha"],"fullName":" POST /api/v1/users/:id/memberships — habilitar em empresa filha 404 — empresa filha não pertence ao tenant (cross-tenant bloqueado)","status":"failed","title":"404 — empresa filha não pertence ao tenant (cross-tenant bloqueado)","duration":2,"failureMessages":["expected { error: { code: 'NOT_FOUND', …(1) } } to have property \"code\" with value 'NOT_FOUND'"],"location":{"line":248,"column":27}},{"ancestorTitles":["","POST /api/v1/users/:id/memberships — habilitar em empresa filha"],"fullName":" POST /api/v1/users/:id/memberships — habilitar em empresa filha 400 — role de membership inválido","status":"failed","title":"400 — role de membership inválido","duration":2,"failureMessages":["expected { error: { …(2) } } to have property \"code\" with value 'VALIDATION_ERROR'"],"location":{"line":258,"column":27}},{"ancestorTitles":["","PATCH /api/v1/users/:id/role — atualizar role do usuário"],"fullName":" PATCH /api/v1/users/:id/role — atualizar role do usuário 200 — role atualizado com sucesso","status":"passed","title":"200 — role atualizado com sucesso","duration":2,"failureMessages":[]},{"ancestorTitles":["","PATCH /api/v1/users/:id/role — atualizar role do usuário"],"fullName":" PATCH /api/v1/users/:id/role — atualizar role do usuário 404 — usuário não encontrado no tenant (cross-tenant bloqueado)","status":"failed","title":"404 — usuário não encontrado no tenant (cross-tenant bloqueado)","duration":1,"failureMessages":["expected { error: { code: 'NOT_FOUND', …(1) } } to have property \"code\" with value 'NOT_FOUND'"],"location":{"line":291,"column":27}},{"ancestorTitles":["","PATCH /api/v1/users/:id/role — atualizar role do usuário"],"fullName":" PATCH /api/v1/users/:id/role — atualizar role do usuário 400 — role inválido rejeitado pelo Zod","status":"failed","title":"400 — role inválido rejeitado pelo Zod","duration":2,"failureMessages":["expected { error: { …(2) } } to have property \"code\" with value 'VALIDATION_ERROR'"],"location":{"line":301,"column":27}}],"startTime":1774234519085,"endTime":1774234519140,"status":"failed","message":"","name":"C:/Users/danie/OneDrive/Documents/Antigravity/2. Gravity/testes/testes-funcionais/configurador/users.test.ts"}]}
