{"numTotalTestSuites":4,"numPassedTestSuites":4,"numFailedTestSuites":0,"numPendingTestSuites":0,"numTotalTests":6,"numPassedTests":2,"numFailedTests":4,"numPendingTests":0,"numTodoTests":0,"startTime":1774232665485,"success":false,"testResults":[{"assertionResults":[{"ancestorTitles":["","Agendamento - Agenda e Config"],"fullName":" Agendamento - Agenda e Config deve criar uma agenda corretamente","status":"failed","title":"deve criar uma agenda corretamente","duration":21,"failureMessages":["expected 500 to be 201 // Object.is equality"],"location":{"line":52,"column":24}},{"ancestorTitles":["","Agendamento - Agenda e Config"],"fullName":" Agendamento - Agenda e Config deve retornar erro 400 ao faltar campos obrigatórios na agenda","status":"passed","title":"deve retornar erro 400 ao faltar campos obrigatórios na agenda","duration":3,"failureMessages":[]},{"ancestorTitles":["","Agendamento - Agenda e Config"],"fullName":" Agendamento - Agenda e Config deve criar uma configuracao de disponibilidade","status":"failed","title":"deve criar uma configuracao de disponibilidade","duration":3,"failureMessages":["expected 500 to be 201 // Object.is equality"],"location":{"line":85,"column":24}}],"startTime":1774232666450,"endTime":1774232666477,"status":"failed","message":"","name":"C:/Users/danie/OneDrive/Documents/Antigravity/2. Gravity/testes/testes-unitarios/agendamento/agenda.test.ts"},{"assertionResults":[{"ancestorTitles":["","Agendamento - Slot e Reserva"],"fullName":" Agendamento - Slot e Reserva deve gerar slots corretamente via rota","status":"failed","title":"deve gerar slots corretamente via rota","duration":21,"failureMessages":["expected 500 to be 201 // Object.is equality"],"location":{"line":65,"column":24}},{"ancestorTitles":["","Agendamento - Slot e Reserva"],"fullName":" Agendamento - Slot e Reserva deve criar uma reserva e disparar notificação","status":"failed","title":"deve criar uma reserva e disparar notificação","duration":3,"failureMessages":["expected 500 to be 201 // Object.is equality"],"location":{"line":97,"column":24}},{"ancestorTitles":["","Agendamento - Slot e Reserva"],"fullName":" Agendamento - Slot e Reserva deve falhar ao criar reserva se o slot estiver cheio","status":"passed","title":"deve falhar ao criar reserva se o slot estiver cheio","duration":3,"failureMessages":[]}],"startTime":1774232666450,"endTime":1774232666477,"status":"failed","message":"","name":"C:/Users/danie/OneDrive/Documents/Antigravity/2. Gravity/testes/testes-unitarios/agendamento/reserva.test.ts"}]}
